0 info it worked if it ends with ok
1 verbose cli [ '/Users/svarendorff/.nvm/versions/node/v5.1.0/bin/node',
1 verbose cli   '/Users/svarendorff/.nvm/versions/node/v5.1.0/bin/npm',
1 verbose cli   'start' ]
2 info using npm@3.4.1
3 info using node@v5.1.0
4 verbose run-script [ 'prestart', 'start', 'poststart' ]
5 info lifecycle zos-mock-api-service@1.0.0~prestart: zos-mock-api-service@1.0.0
6 silly lifecycle zos-mock-api-service@1.0.0~prestart: no script for prestart, continuing
7 info lifecycle zos-mock-api-service@1.0.0~start: zos-mock-api-service@1.0.0
8 verbose lifecycle zos-mock-api-service@1.0.0~start: unsafe-perm in lifecycle true
9 verbose lifecycle zos-mock-api-service@1.0.0~start: PATH: /Users/svarendorff/.nvm/versions/node/v5.1.0/lib/node_modules/npm/bin/node-gyp-bin:/Users/svarendorff/projects/personal/BookSearch/mock_server/node_modules/.bin:/Users/svarendorff/.nvm/versions/node/v5.1.0/bin:/Users/svarendorff/.rbenv/shims:/Users/svarendorff/.rbenv/bin:/usr/local/bin:/usr/bin:/bin:/usr/sbin:/sbin
10 verbose lifecycle zos-mock-api-service@1.0.0~start: CWD: /Users/svarendorff/projects/personal/BookSearch/mock_server
11 silly lifecycle zos-mock-api-service@1.0.0~start: Args: [ '-c', 'node server.js' ]
12 silly lifecycle zos-mock-api-service@1.0.0~start: Returned: code: 1  signal: null
13 info lifecycle zos-mock-api-service@1.0.0~start: Failed to exec start script
14 verbose stack Error: zos-mock-api-service@1.0.0 start: `node server.js`
14 verbose stack Exit status 1
14 verbose stack     at EventEmitter.<anonymous> (/Users/svarendorff/.nvm/versions/node/v5.1.0/lib/node_modules/npm/lib/utils/lifecycle.js:232:16)
14 verbose stack     at emitTwo (events.js:87:13)
14 verbose stack     at EventEmitter.emit (events.js:172:7)
14 verbose stack     at ChildProcess.<anonymous> (/Users/svarendorff/.nvm/versions/node/v5.1.0/lib/node_modules/npm/lib/utils/spawn.js:24:14)
14 verbose stack     at emitTwo (events.js:87:13)
14 verbose stack     at ChildProcess.emit (events.js:172:7)
14 verbose stack     at maybeClose (internal/child_process.js:818:16)
14 verbose stack     at Process.ChildProcess._handle.onexit (internal/child_process.js:211:5)
15 verbose pkgid zos-mock-api-service@1.0.0
16 verbose cwd /Users/svarendorff/projects/personal/BookSearch/mock_server
17 error Darwin 14.5.0
18 error argv "/Users/svarendorff/.nvm/versions/node/v5.1.0/bin/node" "/Users/svarendorff/.nvm/versions/node/v5.1.0/bin/npm" "start"
19 error node v5.1.0
20 error npm  v3.4.1
21 error code ELIFECYCLE
22 error zos-mock-api-service@1.0.0 start: `node server.js`
22 error Exit status 1
23 error Failed at the zos-mock-api-service@1.0.0 start script 'node server.js'.
23 error Make sure you have the latest version of node.js and npm installed.
23 error If you do, this is most likely a problem with the zos-mock-api-service package,
23 error not with npm itself.
23 error Tell the author that this fails on your system:
23 error     node server.js
23 error You can get their info via:
23 error     npm owner ls zos-mock-api-service
23 error There is likely additional logging output above.
24 verbose exit [ 1, true ]
